mode: set
webblueprint/internal/nodes/data/array.go:18.31,127.2 1 1
webblueprint/internal/nodes/data/array.go:130.62,148.22 12 1
webblueprint/internal/nodes/data/array.go:148.22,153.3 4 1
webblueprint/internal/nodes/data/array.go:155.2,155.18 1 1
webblueprint/internal/nodes/data/array.go:155.18,160.3 4 1
webblueprint/internal/nodes/data/array.go:163.2,164.16 2 1
webblueprint/internal/nodes/data/array.go:164.16,168.3 3 0
webblueprint/internal/nodes/data/array.go:171.2,172.16 2 1
webblueprint/internal/nodes/data/array.go:172.16,176.3 3 0
webblueprint/internal/nodes/data/array.go:179.2,191.36 5 1
webblueprint/internal/nodes/data/array.go:192.13,194.26 1 0
webblueprint/internal/nodes/data/array.go:194.26,207.4 5 0
webblueprint/internal/nodes/data/array.go:210.3,211.17 2 0
webblueprint/internal/nodes/data/array.go:211.17,224.4 5 0
webblueprint/internal/nodes/data/array.go:227.3,230.30 3 0
webblueprint/internal/nodes/data/array.go:230.30,231.19 1 0
webblueprint/internal/nodes/data/array.go:231.19,233.13 2 0
webblueprint/internal/nodes/data/array.go:237.4,240.35 3 0
webblueprint/internal/nodes/data/array.go:240.35,241.68 1 0
webblueprint/internal/nodes/data/array.go:241.68,242.51 1 0
webblueprint/internal/nodes/data/array.go:242.51,244.7 1 0
webblueprint/internal/nodes/data/array.go:244.12,246.12 2 0
webblueprint/internal/nodes/data/array.go:248.11,250.11 2 0
webblueprint/internal/nodes/data/array.go:254.4,254.13 1 0
webblueprint/internal/nodes/data/array.go:254.13,256.5 1 0
webblueprint/internal/nodes/data/array.go:256.10,258.5 1 0
webblueprint/internal/nodes/data/array.go:261.3,265.33 5 0
webblueprint/internal/nodes/data/array.go:267.16,269.26 1 0
webblueprint/internal/nodes/data/array.go:269.26,282.4 5 0
webblueprint/internal/nodes/data/array.go:284.3,284.25 1 0
webblueprint/internal/nodes/data/array.go:284.25,297.4 5 0
webblueprint/internal/nodes/data/array.go:300.3,301.17 2 0
webblueprint/internal/nodes/data/array.go:301.17,314.4 5 0
webblueprint/internal/nodes/data/array.go:317.3,321.30 4 0
webblueprint/internal/nodes/data/array.go:321.30,322.19 1 0
webblueprint/internal/nodes/data/array.go:322.19,323.13 1 0
webblueprint/internal/nodes/data/array.go:327.4,330.35 3 0
webblueprint/internal/nodes/data/array.go:330.35,331.68 1 0
webblueprint/internal/nodes/data/array.go:331.68,332.51 1 0
webblueprint/internal/nodes/data/array.go:332.51,334.7 1 0
webblueprint/internal/nodes/data/array.go:334.12,336.12 2 0
webblueprint/internal/nodes/data/array.go:338.11,340.11 2 0
webblueprint/internal/nodes/data/array.go:344.4,344.42 1 0
webblueprint/internal/nodes/data/array.go:344.42,346.5 1 0
webblueprint/internal/nodes/data/array.go:349.3,354.33 6 0
webblueprint/internal/nodes/data/array.go:356.17,362.33 4 0
webblueprint/internal/nodes/data/array.go:364.14,370.21 3 0
webblueprint/internal/nodes/data/array.go:370.21,372.51 2 0
webblueprint/internal/nodes/data/array.go:372.51,377.32 3 0
webblueprint/internal/nodes/data/array.go:377.32,378.38 1 0
webblueprint/internal/nodes/data/array.go:378.38,380.7 1 0
webblueprint/internal/nodes/data/array.go:380.12,382.12 2 0
webblueprint/internal/nodes/data/array.go:386.5,386.19 1 0
webblueprint/internal/nodes/data/array.go:386.19,388.38 2 0
webblueprint/internal/nodes/data/array.go:388.38,390.7 1 0
webblueprint/internal/nodes/data/array.go:391.11,393.6 1 0
webblueprint/internal/nodes/data/array.go:394.10,394.59 1 0
webblueprint/internal/nodes/data/array.go:394.59,399.32 3 0
webblueprint/internal/nodes/data/array.go:399.32,400.39 1 0
webblueprint/internal/nodes/data/array.go:400.39,402.7 1 0
webblueprint/internal/nodes/data/array.go:402.12,404.12 2 0
webblueprint/internal/nodes/data/array.go:408.5,408.19 1 0
webblueprint/internal/nodes/data/array.go:408.19,410.38 2 0
webblueprint/internal/nodes/data/array.go:410.38,412.7 1 0
webblueprint/internal/nodes/data/array.go:413.11,415.6 1 0
webblueprint/internal/nodes/data/array.go:416.10,418.5 1 0
webblueprint/internal/nodes/data/array.go:421.3,424.33 4 0
webblueprint/internal/nodes/data/array.go:426.17,429.30 2 0
webblueprint/internal/nodes/data/array.go:429.30,431.4 1 0
webblueprint/internal/nodes/data/array.go:433.3,436.33 4 0
webblueprint/internal/nodes/data/array.go:438.14,441.22 2 0
webblueprint/internal/nodes/data/array.go:441.22,442.60 1 0
webblueprint/internal/nodes/data/array.go:442.60,444.5 1 0
webblueprint/internal/nodes/data/array.go:448.3,449.30 2 0
webblueprint/internal/nodes/data/array.go:449.30,451.4 1 0
webblueprint/internal/nodes/data/array.go:453.3,457.33 5 0
webblueprint/internal/nodes/data/array.go:459.15,462.23 2 0
webblueprint/internal/nodes/data/array.go:462.23,463.63 1 0
webblueprint/internal/nodes/data/array.go:463.63,465.5 1 0
webblueprint/internal/nodes/data/array.go:468.3,469.21 2 0
webblueprint/internal/nodes/data/array.go:469.21,470.59 1 0
webblueprint/internal/nodes/data/array.go:470.59,472.5 1 0
webblueprint/internal/nodes/data/array.go:476.3,476.21 1 0
webblueprint/internal/nodes/data/array.go:476.21,478.4 1 0
webblueprint/internal/nodes/data/array.go:479.3,479.28 1 0
webblueprint/internal/nodes/data/array.go:479.28,481.4 1 0
webblueprint/internal/nodes/data/array.go:482.3,482.28 1 0
webblueprint/internal/nodes/data/array.go:482.28,484.4 1 0
webblueprint/internal/nodes/data/array.go:487.3,493.33 7 0
webblueprint/internal/nodes/data/array.go:495.16,500.24 3 0
webblueprint/internal/nodes/data/array.go:500.24,501.68 1 0
webblueprint/internal/nodes/data/array.go:501.68,503.5 1 0
webblueprint/internal/nodes/data/array.go:503.10,505.5 1 0
webblueprint/internal/nodes/data/array.go:508.3,511.33 4 0
webblueprint/internal/nodes/data/array.go:513.16,518.33 4 1
webblueprint/internal/nodes/data/array.go:520.10,532.41 5 1
webblueprint/internal/nodes/data/array.go:536.2,556.39 7 1
webblueprint/internal/nodes/data/constant.go:19.34,50.2 1 1
webblueprint/internal/nodes/data/constant.go:53.40,71.2 9 1
webblueprint/internal/nodes/data/constant.go:74.40,92.2 9 1
webblueprint/internal/nodes/data/constant.go:95.41,113.2 9 1
webblueprint/internal/nodes/data/constant.go:118.65,130.95 5 1
webblueprint/internal/nodes/data/constant.go:130.95,133.17 2 0
webblueprint/internal/nodes/data/constant.go:133.17,137.4 3 0
webblueprint/internal/nodes/data/constant.go:137.9,142.4 2 0
webblueprint/internal/nodes/data/constant.go:143.8,145.3 1 1
webblueprint/internal/nodes/data/constant.go:147.2,174.12 7 1
webblueprint/internal/nodes/data/constant.go:178.83,181.59 2 1
webblueprint/internal/nodes/data/constant.go:181.59,182.63 1 0
webblueprint/internal/nodes/data/constant.go:182.63,183.61 1 0
webblueprint/internal/nodes/data/constant.go:183.61,184.64 1 0
webblueprint/internal/nodes/data/constant.go:184.64,185.49 1 0
webblueprint/internal/nodes/data/constant.go:185.49,187.7 1 0
webblueprint/internal/nodes/data/constant.go:195.2,195.54 1 1
webblueprint/internal/nodes/data/constant.go:195.54,197.3 1 0
webblueprint/internal/nodes/data/constant.go:199.2,199.19 1 1
webblueprint/internal/nodes/data/constant.go:203.92,204.18 1 0
webblueprint/internal/nodes/data/constant.go:204.18,206.3 1 0
webblueprint/internal/nodes/data/constant.go:208.2,208.23 1 0
webblueprint/internal/nodes/data/constant.go:209.16,211.39 1 0
webblueprint/internal/nodes/data/constant.go:212.16,214.28 1 0
webblueprint/internal/nodes/data/constant.go:215.16,216.17 1 0
webblueprint/internal/nodes/data/constant.go:217.16,218.26 1 0
webblueprint/internal/nodes/data/constant.go:219.12,220.26 1 0
webblueprint/internal/nodes/data/constant.go:221.14,222.26 1 0
webblueprint/internal/nodes/data/constant.go:223.15,224.36 1 0
webblueprint/internal/nodes/data/constant.go:225.11,226.64 1 0
webblueprint/internal/nodes/data/constant.go:228.17,230.28 1 0
webblueprint/internal/nodes/data/constant.go:231.13,232.17 1 0
webblueprint/internal/nodes/data/constant.go:233.15,234.31 1 0
webblueprint/internal/nodes/data/constant.go:235.16,236.22 1 0
webblueprint/internal/nodes/data/constant.go:237.12,238.22 1 0
webblueprint/internal/nodes/data/constant.go:239.11,240.67 1 0
webblueprint/internal/nodes/data/constant.go:242.10,244.20 1 0
webblueprint/internal/nodes/data/json.go:18.30,92.2 1 1
webblueprint/internal/nodes/data/json.go:95.61,109.22 8 1
webblueprint/internal/nodes/data/json.go:109.22,114.3 4 1
webblueprint/internal/nodes/data/json.go:116.2,116.18 1 1
webblueprint/internal/nodes/data/json.go:116.18,121.3 4 1
webblueprint/internal/nodes/data/json.go:124.2,125.16 2 0
webblueprint/internal/nodes/data/json.go:125.16,129.3 3 0
webblueprint/internal/nodes/data/json.go:132.2,133.24 2 0
webblueprint/internal/nodes/data/json.go:133.24,135.17 2 0
webblueprint/internal/nodes/data/json.go:135.17,137.4 1 0
webblueprint/internal/nodes/data/json.go:141.2,151.36 3 0
webblueprint/internal/nodes/data/json.go:152.15,154.57 1 0
webblueprint/internal/nodes/data/json.go:154.57,156.72 2 0
webblueprint/internal/nodes/data/json.go:156.72,169.5 5 0
webblueprint/internal/nodes/data/json.go:170.4,172.34 3 0
webblueprint/internal/nodes/data/json.go:173.9,186.4 5 0
webblueprint/internal/nodes/data/json.go:188.19,193.19 3 0
webblueprint/internal/nodes/data/json.go:193.19,195.4 1 0
webblueprint/internal/nodes/data/json.go:195.9,197.4 1 0
webblueprint/internal/nodes/data/json.go:199.3,199.17 1 0
webblueprint/internal/nodes/data/json.go:199.17,212.4 5 0
webblueprint/internal/nodes/data/json.go:214.3,216.33 3 0
webblueprint/internal/nodes/data/json.go:218.16,220.18 1 0
webblueprint/internal/nodes/data/json.go:220.18,233.4 5 0
webblueprint/internal/nodes/data/json.go:236.3,237.17 2 0
webblueprint/internal/nodes/data/json.go:237.17,250.4 5 0
webblueprint/internal/nodes/data/json.go:253.3,254.57 2 0
webblueprint/internal/nodes/data/json.go:254.57,256.59 1 0
webblueprint/internal/nodes/data/json.go:256.59,257.70 1 0
webblueprint/internal/nodes/data/json.go:257.70,270.6 5 0
webblueprint/internal/nodes/data/json.go:271.10,284.5 5 0
webblueprint/internal/nodes/data/json.go:285.9,285.64 1 0
webblueprint/internal/nodes/data/json.go:285.64,288.4 1 0
webblueprint/internal/nodes/data/json.go:288.9,301.4 5 0
webblueprint/internal/nodes/data/json.go:304.3,307.34 3 0
webblueprint/internal/nodes/data/json.go:307.34,308.22 1 0
webblueprint/internal/nodes/data/json.go:308.22,321.5 5 0
webblueprint/internal/nodes/data/json.go:324.4,324.62 1 0
webblueprint/internal/nodes/data/json.go:324.62,326.5 1 0
webblueprint/internal/nodes/data/json.go:326.10,326.60 1 0
webblueprint/internal/nodes/data/json.go:326.60,329.102 2 0
webblueprint/internal/nodes/data/json.go:329.102,331.6 1 0
webblueprint/internal/nodes/data/json.go:331.11,344.6 5 0
webblueprint/internal/nodes/data/json.go:345.10,358.5 5 0
webblueprint/internal/nodes/data/json.go:361.3,364.33 4 0
webblueprint/internal/nodes/data/json.go:366.10,378.41 5 0
webblueprint/internal/nodes/data/json.go:382.2,400.39 5 0
webblueprint/internal/nodes/data/object.go:17.32,103.2 1 1
webblueprint/internal/nodes/data/object.go:106.63,121.22 9 1
webblueprint/internal/nodes/data/object.go:121.22,126.3 4 1
webblueprint/internal/nodes/data/object.go:128.2,128.19 1 1
webblueprint/internal/nodes/data/object.go:128.19,133.3 4 1
webblueprint/internal/nodes/data/object.go:136.2,137.16 2 1
webblueprint/internal/nodes/data/object.go:137.16,141.3 3 0
webblueprint/internal/nodes/data/object.go:144.2,145.16 2 1
webblueprint/internal/nodes/data/object.go:145.16,149.3 3 0
webblueprint/internal/nodes/data/object.go:152.2,163.36 4 1
webblueprint/internal/nodes/data/object.go:164.13,166.17 1 1
webblueprint/internal/nodes/data/object.go:166.17,179.4 5 0
webblueprint/internal/nodes/data/object.go:182.3,183.17 2 1
webblueprint/internal/nodes/data/object.go:183.17,196.4 5 0
webblueprint/internal/nodes/data/object.go:199.3,199.33 1 1
webblueprint/internal/nodes/data/object.go:199.33,205.38 3 0
webblueprint/internal/nodes/data/object.go:205.38,207.37 2 0
webblueprint/internal/nodes/data/object.go:207.37,208.57 1 0
webblueprint/internal/nodes/data/object.go:208.57,210.7 1 0
webblueprint/internal/nodes/data/object.go:210.12,214.12 3 0
webblueprint/internal/nodes/data/object.go:216.11,220.11 3 0
webblueprint/internal/nodes/data/object.go:225.4,225.23 1 0
webblueprint/internal/nodes/data/object.go:225.23,227.41 2 0
webblueprint/internal/nodes/data/object.go:227.41,230.6 2 0
webblueprint/internal/nodes/data/object.go:230.11,233.6 2 0
webblueprint/internal/nodes/data/object.go:235.9,237.31 1 1
webblueprint/internal/nodes/data/object.go:237.31,240.5 2 1
webblueprint/internal/nodes/data/object.go:240.10,243.5 2 1
webblueprint/internal/nodes/data/object.go:246.3,249.33 4 1
webblueprint/internal/nodes/data/object.go:251.13,253.17 1 1
webblueprint/internal/nodes/data/object.go:253.17,266.4 5 0
webblueprint/internal/nodes/data/object.go:268.3,268.19 1 1
webblueprint/internal/nodes/data/object.go:268.19,281.4 5 0
webblueprint/internal/nodes/data/object.go:284.3,285.17 2 1
webblueprint/internal/nodes/data/object.go:285.17,298.4 5 0
webblueprint/internal/nodes/data/object.go:301.3,302.25 2 1
webblueprint/internal/nodes/data/object.go:302.25,304.4 1 1
webblueprint/internal/nodes/data/object.go:307.3,307.33 1 1
webblueprint/internal/nodes/data/object.go:307.33,313.38 3 0
webblueprint/internal/nodes/data/object.go:313.38,315.37 2 0
webblueprint/internal/nodes/data/object.go:315.37,316.57 1 0
webblueprint/internal/nodes/data/object.go:316.57,318.7 1 0
webblueprint/internal/nodes/data/object.go:318.12,323.7 3 0
webblueprint/internal/nodes/data/object.go:324.11,329.6 3 0
webblueprint/internal/nodes/data/object.go:333.4,334.43 2 0
webblueprint/internal/nodes/data/object.go:335.9,338.4 1 1
webblueprint/internal/nodes/data/object.go:340.3,345.33 6 1
webblueprint/internal/nodes/data/object.go:347.13,349.17 1 1
webblueprint/internal/nodes/data/object.go:349.17,362.4 5 0
webblueprint/internal/nodes/data/object.go:365.3,366.17 2 1
webblueprint/internal/nodes/data/object.go:366.17,379.4 5 0
webblueprint/internal/nodes/data/object.go:382.3,382.33 1 1
webblueprint/internal/nodes/data/object.go:382.33,388.38 3 0
webblueprint/internal/nodes/data/object.go:388.38,390.37 2 0
webblueprint/internal/nodes/data/object.go:390.37,391.57 1 0
webblueprint/internal/nodes/data/object.go:391.57,393.7 1 0
webblueprint/internal/nodes/data/object.go:393.12,396.12 2 0
webblueprint/internal/nodes/data/object.go:398.11,401.11 2 0
webblueprint/internal/nodes/data/object.go:406.4,406.23 1 0
webblueprint/internal/nodes/data/object.go:406.23,409.5 2 0
webblueprint/internal/nodes/data/object.go:410.9,413.4 1 1
webblueprint/internal/nodes/data/object.go:415.3,419.33 5 1
webblueprint/internal/nodes/data/object.go:421.14,424.22 2 1
webblueprint/internal/nodes/data/object.go:424.22,426.4 1 1
webblueprint/internal/nodes/data/object.go:427.3,431.33 5 1
webblueprint/internal/nodes/data/object.go:433.16,436.25 2 0
webblueprint/internal/nodes/data/object.go:436.25,438.4 1 0
webblueprint/internal/nodes/data/object.go:439.3,443.33 5 0
webblueprint/internal/nodes/data/object.go:445.17,448.25 2 0
webblueprint/internal/nodes/data/object.go:448.25,454.4 2 0
webblueprint/internal/nodes/data/object.go:455.3,459.33 5 0
webblueprint/internal/nodes/data/object.go:461.15,463.26 1 0
webblueprint/internal/nodes/data/object.go:463.26,476.4 5 0
webblueprint/internal/nodes/data/object.go:479.3,480.17 2 0
webblueprint/internal/nodes/data/object.go:480.17,493.4 5 0
webblueprint/internal/nodes/data/object.go:496.3,499.25 2 0
webblueprint/internal/nodes/data/object.go:499.25,501.4 1 0
webblueprint/internal/nodes/data/object.go:504.3,504.31 1 0
webblueprint/internal/nodes/data/object.go:504.31,506.4 1 0
webblueprint/internal/nodes/data/object.go:508.3,514.33 7 0
webblueprint/internal/nodes/data/object.go:516.16,518.31 1 0
webblueprint/internal/nodes/data/object.go:518.31,525.4 3 0
webblueprint/internal/nodes/data/object.go:525.9,528.4 1 0
webblueprint/internal/nodes/data/object.go:529.3,531.33 3 0
webblueprint/internal/nodes/data/object.go:533.16,535.17 1 0
webblueprint/internal/nodes/data/object.go:535.17,548.4 5 0
webblueprint/internal/nodes/data/object.go:551.3,552.17 2 0
webblueprint/internal/nodes/data/object.go:552.17,565.4 5 0
webblueprint/internal/nodes/data/object.go:568.3,569.25 2 0
webblueprint/internal/nodes/data/object.go:569.25,571.4 1 0
webblueprint/internal/nodes/data/object.go:574.3,574.33 1 0
webblueprint/internal/nodes/data/object.go:574.33,581.38 4 0
webblueprint/internal/nodes/data/object.go:581.38,583.37 2 0
webblueprint/internal/nodes/data/object.go:583.37,584.57 1 0
webblueprint/internal/nodes/data/object.go:584.57,586.7 1 0
webblueprint/internal/nodes/data/object.go:586.12,589.12 2 0
webblueprint/internal/nodes/data/object.go:591.11,594.11 2 0
webblueprint/internal/nodes/data/object.go:599.4,599.15 1 0
webblueprint/internal/nodes/data/object.go:599.15,603.5 3 0
webblueprint/internal/nodes/data/object.go:603.10,605.5 1 0
webblueprint/internal/nodes/data/object.go:606.9,610.4 2 0
webblueprint/internal/nodes/data/object.go:612.3,616.33 5 0
webblueprint/internal/nodes/data/object.go:618.14,623.33 4 0
webblueprint/internal/nodes/data/object.go:625.10,637.41 5 1
webblueprint/internal/nodes/data/object.go:641.2,661.39 7 1
webblueprint/internal/nodes/data/type_conversion.go:18.40,92.2 1 1
webblueprint/internal/nodes/data/type_conversion.go:95.71,109.18 8 1
webblueprint/internal/nodes/data/type_conversion.go:109.18,114.3 4 1
webblueprint/internal/nodes/data/type_conversion.go:116.2,116.23 1 1
webblueprint/internal/nodes/data/type_conversion.go:116.23,121.3 4 1
webblueprint/internal/nodes/data/type_conversion.go:124.2,125.16 2 1
webblueprint/internal/nodes/data/type_conversion.go:125.16,129.3 3 0
webblueprint/internal/nodes/data/type_conversion.go:132.2,133.23 2 1
webblueprint/internal/nodes/data/type_conversion.go:133.23,134.64 1 1
webblueprint/internal/nodes/data/type_conversion.go:134.64,136.4 1 1
webblueprint/internal/nodes/data/type_conversion.go:140.2,141.17 2 1
webblueprint/internal/nodes/data/type_conversion.go:141.17,142.57 1 1
webblueprint/internal/nodes/data/type_conversion.go:142.57,144.4 1 1
webblueprint/internal/nodes/data/type_conversion.go:148.2,159.37 3 1
webblueprint/internal/nodes/data/type_conversion.go:160.16,162.57 1 1
webblueprint/internal/nodes/data/type_conversion.go:162.57,164.4 1 1
webblueprint/internal/nodes/data/type_conversion.go:164.9,167.4 1 0
webblueprint/internal/nodes/data/type_conversion.go:168.3,169.33 2 1
webblueprint/internal/nodes/data/type_conversion.go:171.16,173.57 1 1
webblueprint/internal/nodes/data/type_conversion.go:173.57,175.4 1 1
webblueprint/internal/nodes/data/type_conversion.go:175.9,177.58 1 1
webblueprint/internal/nodes/data/type_conversion.go:177.58,179.70 1 1
webblueprint/internal/nodes/data/type_conversion.go:179.70,181.6 1 0
webblueprint/internal/nodes/data/type_conversion.go:181.11,181.72 1 1
webblueprint/internal/nodes/data/type_conversion.go:181.72,183.6 1 0
webblueprint/internal/nodes/data/type_conversion.go:183.11,196.6 5 1
webblueprint/internal/nodes/data/type_conversion.go:197.10,210.5 5 0
webblueprint/internal/nodes/data/type_conversion.go:212.3,213.33 2 1
webblueprint/internal/nodes/data/type_conversion.go:215.17,217.59 1 1
webblueprint/internal/nodes/data/type_conversion.go:217.59,219.4 1 1
webblueprint/internal/nodes/data/type_conversion.go:219.9,221.58 1 0
webblueprint/internal/nodes/data/type_conversion.go:221.58,223.87 2 0
webblueprint/internal/nodes/data/type_conversion.go:223.87,225.6 1 0
webblueprint/internal/nodes/data/type_conversion.go:225.11,225.113 1 0
webblueprint/internal/nodes/data/type_conversion.go:225.113,227.6 1 0
webblueprint/internal/nodes/data/type_conversion.go:227.11,240.6 5 0
webblueprint/internal/nodes/data/type_conversion.go:241.10,241.65 1 0
webblueprint/internal/nodes/data/type_conversion.go:241.65,243.5 1 0
webblueprint/internal/nodes/data/type_conversion.go:243.10,256.5 5 0
webblueprint/internal/nodes/data/type_conversion.go:258.3,259.33 2 1
webblueprint/internal/nodes/data/type_conversion.go:261.15,263.58 1 1
webblueprint/internal/nodes/data/type_conversion.go:263.58,265.4 1 0
webblueprint/internal/nodes/data/type_conversion.go:265.9,267.58 1 1
webblueprint/internal/nodes/data/type_conversion.go:267.58,269.26 2 1
webblueprint/internal/nodes/data/type_conversion.go:269.26,271.6 1 1
webblueprint/internal/nodes/data/type_conversion.go:273.5,275.32 3 1
webblueprint/internal/nodes/data/type_conversion.go:275.32,277.6 1 1
webblueprint/internal/nodes/data/type_conversion.go:278.5,278.25 1 1
webblueprint/internal/nodes/data/type_conversion.go:279.10,279.65 1 0
webblueprint/internal/nodes/data/type_conversion.go:279.65,282.32 2 0
webblueprint/internal/nodes/data/type_conversion.go:282.32,284.6 1 0
webblueprint/internal/nodes/data/type_conversion.go:285.5,285.25 1 0
webblueprint/internal/nodes/data/type_conversion.go:286.10,289.5 1 0
webblueprint/internal/nodes/data/type_conversion.go:291.3,292.33 2 1
webblueprint/internal/nodes/data/type_conversion.go:294.16,296.57 1 1
webblueprint/internal/nodes/data/type_conversion.go:296.57,298.4 1 0
webblueprint/internal/nodes/data/type_conversion.go:298.9,298.65 1 1
webblueprint/internal/nodes/data/type_conversion.go:298.65,301.33 2 1
webblueprint/internal/nodes/data/type_conversion.go:301.33,303.5 1 1
webblueprint/internal/nodes/data/type_conversion.go:304.4,304.25 1 1
webblueprint/internal/nodes/data/type_conversion.go:305.9,308.25 2 1
webblueprint/internal/nodes/data/type_conversion.go:308.25,310.5 1 1
webblueprint/internal/nodes/data/type_conversion.go:311.4,313.5 1 1
webblueprint/internal/nodes/data/type_conversion.go:315.3,316.33 2 1
webblueprint/internal/nodes/data/type_conversion.go:318.14,322.57 2 0
webblueprint/internal/nodes/data/type_conversion.go:322.57,324.25 1 0
webblueprint/internal/nodes/data/type_conversion.go:324.25,325.73 1 0
webblueprint/internal/nodes/data/type_conversion.go:325.73,327.6 1 0
webblueprint/internal/nodes/data/type_conversion.go:327.11,340.6 5 0
webblueprint/internal/nodes/data/type_conversion.go:341.10,355.36 3 0
webblueprint/internal/nodes/data/type_conversion.go:355.36,356.69 1 0
webblueprint/internal/nodes/data/type_conversion.go:356.69,359.12 3 0
webblueprint/internal/nodes/data/type_conversion.go:363.5,363.16 1 0
webblueprint/internal/nodes/data/type_conversion.go:363.16,376.6 5 0
webblueprint/internal/nodes/data/type_conversion.go:378.9,378.64 1 0
webblueprint/internal/nodes/data/type_conversion.go:378.64,381.4 1 0
webblueprint/internal/nodes/data/type_conversion.go:381.9,394.4 5 0
webblueprint/internal/nodes/data/type_conversion.go:397.3,399.33 3 0
webblueprint/internal/nodes/data/type_conversion.go:401.10,413.41 5 1
webblueprint/internal/nodes/data/type_conversion.go:417.2,435.39 5 1
webblueprint/internal/nodes/data/variable.go:19.37,47.2 1 1
webblueprint/internal/nodes/data/variable.go:50.70,51.26 1 0
webblueprint/internal/nodes/data/variable.go:51.26,68.35 8 0
webblueprint/internal/nodes/data/variable.go:69.17,70.35 1 0
webblueprint/internal/nodes/data/variable.go:71.17,72.35 1 0
webblueprint/internal/nodes/data/variable.go:73.18,74.36 1 0
webblueprint/internal/nodes/data/variable.go:75.17,76.35 1 0
webblueprint/internal/nodes/data/variable.go:77.16,78.34 1 0
webblueprint/internal/nodes/data/variable.go:82.3,91.14 2 0
webblueprint/internal/nodes/data/variable.go:96.68,105.26 5 1
webblueprint/internal/nodes/data/variable.go:105.26,111.3 2 0
webblueprint/internal/nodes/data/variable.go:111.8,114.14 2 1
webblueprint/internal/nodes/data/variable.go:114.14,130.4 5 1
webblueprint/internal/nodes/data/variable.go:133.3,135.17 3 1
webblueprint/internal/nodes/data/variable.go:135.17,150.4 4 0
webblueprint/internal/nodes/data/variable.go:154.2,162.12 3 1
webblueprint/internal/nodes/data/variable.go:162.12,163.27 1 0
webblueprint/internal/nodes/data/variable.go:163.27,166.4 1 0
webblueprint/internal/nodes/data/variable.go:166.9,169.4 1 0
webblueprint/internal/nodes/data/variable.go:171.3,181.5 2 0
webblueprint/internal/nodes/data/variable.go:182.8,184.27 1 1
webblueprint/internal/nodes/data/variable.go:184.27,186.4 1 0
webblueprint/internal/nodes/data/variable.go:186.9,188.4 1 1
webblueprint/internal/nodes/data/variable.go:190.3,197.5 2 1
webblueprint/internal/nodes/data/variable.go:201.2,209.12 2 1
webblueprint/internal/nodes/data/variable.go:219.37,265.2 1 1
webblueprint/internal/nodes/data/variable.go:268.70,269.26 1 0
webblueprint/internal/nodes/data/variable.go:269.26,283.35 7 0
webblueprint/internal/nodes/data/variable.go:284.17,285.35 1 0
webblueprint/internal/nodes/data/variable.go:286.17,287.35 1 0
webblueprint/internal/nodes/data/variable.go:288.18,289.36 1 0
webblueprint/internal/nodes/data/variable.go:290.17,291.35 1 0
webblueprint/internal/nodes/data/variable.go:292.16,293.34 1 0
webblueprint/internal/nodes/data/variable.go:297.3,328.14 3 0
webblueprint/internal/nodes/data/variable.go:333.68,345.26 7 1
webblueprint/internal/nodes/data/variable.go:345.26,354.3 3 0
webblueprint/internal/nodes/data/variable.go:354.8,357.18 2 1
webblueprint/internal/nodes/data/variable.go:357.18,375.4 6 1
webblueprint/internal/nodes/data/variable.go:378.3,380.17 3 1
webblueprint/internal/nodes/data/variable.go:380.17,397.4 5 0
webblueprint/internal/nodes/data/variable.go:400.3,400.50 1 1
webblueprint/internal/nodes/data/variable.go:404.2,404.17 1 1
webblueprint/internal/nodes/data/variable.go:404.17,419.3 3 1
webblueprint/internal/nodes/data/variable.go:419.8,431.3 3 1
webblueprint/internal/nodes/data/variable.go:434.2,445.39 3 1
webblueprint/internal/nodes/logic/branch.go:16.32,108.2 1 1
webblueprint/internal/nodes/logic/branch.go:111.63,120.18 5 1
webblueprint/internal/nodes/logic/branch.go:120.18,138.3 6 1
webblueprint/internal/nodes/logic/branch.go:141.2,157.76 6 1
webblueprint/internal/nodes/logic/branch.go:157.76,175.3 6 1
webblueprint/internal/nodes/logic/branch.go:178.2,178.76 1 1
webblueprint/internal/nodes/logic/branch.go:178.76,196.3 6 1
webblueprint/internal/nodes/logic/branch.go:199.2,199.76 1 1
webblueprint/internal/nodes/logic/branch.go:199.76,217.3 6 1
webblueprint/internal/nodes/logic/branch.go:220.2,220.76 1 1
webblueprint/internal/nodes/logic/branch.go:220.76,238.3 6 1
webblueprint/internal/nodes/logic/branch.go:241.2,256.42 6 1
webblueprint/internal/nodes/logic/branch.go:260.53,262.36 1 1
webblueprint/internal/nodes/logic/branch.go:262.36,264.3 1 1
webblueprint/internal/nodes/logic/branch.go:265.2,265.36 1 1
webblueprint/internal/nodes/logic/branch.go:265.36,267.3 1 1
webblueprint/internal/nodes/logic/branch.go:270.2,270.28 1 1
webblueprint/internal/nodes/logic/branch.go:271.14,272.35 1 1
webblueprint/internal/nodes/logic/branch.go:272.35,274.4 1 1
webblueprint/internal/nodes/logic/branch.go:275.15,276.36 1 1
webblueprint/internal/nodes/logic/branch.go:276.36,278.4 1 1
webblueprint/internal/nodes/logic/branch.go:280.3,280.32 1 0
webblueprint/internal/nodes/logic/branch.go:280.32,282.4 1 0
webblueprint/internal/nodes/logic/branch.go:283.12,284.33 1 1
webblueprint/internal/nodes/logic/branch.go:284.33,286.4 1 1
webblueprint/internal/nodes/logic/branch.go:287.30,289.59 1 1
webblueprint/internal/nodes/logic/branch.go:290.21,292.59 1 1
webblueprint/internal/nodes/logic/branch.go:296.2,296.63 1 0
webblueprint/internal/nodes/logic/if_condition.go:16.37,56.2 1 1
webblueprint/internal/nodes/logic/if_condition.go:59.68,65.13 4 1
webblueprint/internal/nodes/logic/if_condition.go:65.13,69.3 3 1
webblueprint/internal/nodes/logic/if_condition.go:72.2,73.16 2 1
webblueprint/internal/nodes/logic/if_condition.go:73.16,76.3 2 0
webblueprint/internal/nodes/logic/if_condition.go:79.2,89.15 2 1
webblueprint/internal/nodes/logic/if_condition.go:89.15,92.3 2 1
webblueprint/internal/nodes/logic/if_condition.go:92.8,95.3 2 1
webblueprint/internal/nodes/logic/loop.go:16.30,70.2 1 1
webblueprint/internal/nodes/logic/loop.go:73.61,82.13 5 1
webblueprint/internal/nodes/logic/loop.go:82.13,98.3 5 0
webblueprint/internal/nodes/logic/loop.go:100.2,101.16 2 1
webblueprint/internal/nodes/logic/loop.go:101.16,116.3 4 0
webblueprint/internal/nodes/logic/loop.go:119.2,120.67 2 1
webblueprint/internal/nodes/logic/loop.go:120.67,121.52 1 0
webblueprint/internal/nodes/logic/loop.go:121.52,123.4 1 0
webblueprint/internal/nodes/logic/loop.go:127.2,146.24 6 1
webblueprint/internal/nodes/logic/loop.go:146.24,162.3 5 0
webblueprint/internal/nodes/logic/loop.go:165.2,186.37 6 1
webblueprint/internal/nodes/logic/loop.go:186.37,212.20 6 1
webblueprint/internal/nodes/logic/loop.go:212.20,215.18 2 1
webblueprint/internal/nodes/logic/loop.go:215.18,220.10 2 0
webblueprint/internal/nodes/logic/loop.go:222.9,225.18 2 0
webblueprint/internal/nodes/logic/loop.go:225.18,230.10 2 0
webblueprint/internal/nodes/logic/loop.go:235.3,235.17 1 1
webblueprint/internal/nodes/logic/loop.go:239.2,254.44 3 1
webblueprint/internal/nodes/logic/loop_context.go:29.64,30.21 1 0
webblueprint/internal/nodes/logic/loop_context.go:30.21,35.3 2 0
webblueprint/internal/nodes/logic/loop_context.go:35.8,35.33 1 0
webblueprint/internal/nodes/logic/loop_context.go:35.33,39.3 2 0
webblueprint/internal/nodes/logic/loop_context.go:43.2,43.23 1 0
webblueprint/internal/nodes/logic/loop_context.go:43.23,47.3 2 0
webblueprint/internal/nodes/logic/loop_context.go:50.2,50.55 1 0
webblueprint/internal/nodes/logic/loop_context.go:54.63,60.29 3 0
webblueprint/internal/nodes/logic/loop_context.go:60.29,62.3 1 0
webblueprint/internal/nodes/logic/loop_context.go:65.2,73.34 2 0
webblueprint/internal/nodes/logic/loop_context.go:73.34,75.3 1 0
webblueprint/internal/nodes/logic/loop_context.go:77.2,77.15 1 0
webblueprint/internal/nodes/logic/loop_context.go:81.73,83.24 1 0
webblueprint/internal/nodes/logic/loop_context.go:83.24,85.3 1 0
webblueprint/internal/nodes/logic/loop_context.go:88.2,91.22 2 0
webblueprint/internal/nodes/logic/loop_context.go:91.22,105.3 4 0
webblueprint/internal/nodes/logic/loop_context.go:105.8,108.3 1 0
webblueprint/internal/nodes/logic/loop_context.go:112.74,114.24 1 0
webblueprint/internal/nodes/logic/loop_context.go:114.24,115.50 1 0
webblueprint/internal/nodes/logic/loop_context.go:115.50,117.4 1 0
webblueprint/internal/nodes/logic/loop_context.go:121.2,121.85 1 0
webblueprint/internal/nodes/logic/loop_context.go:125.53,127.2 1 0
webblueprint/internal/nodes/logic/sequence.go:15.34,67.2 1 1
webblueprint/internal/nodes/logic/sequence.go:70.65,92.19 6 1
webblueprint/internal/nodes/logic/sequence.go:92.19,95.75 2 1
webblueprint/internal/nodes/logic/sequence.go:95.75,98.4 2 0
webblueprint/internal/nodes/logic/sequence.go:101.3,102.75 2 1
webblueprint/internal/nodes/logic/sequence.go:102.75,105.4 2 0
webblueprint/internal/nodes/logic/sequence.go:108.3,109.75 2 1
webblueprint/internal/nodes/logic/sequence.go:109.75,112.4 2 0
webblueprint/internal/nodes/logic/sequence.go:115.3,116.75 2 1
webblueprint/internal/nodes/logic/sequence.go:116.75,119.4 2 0
webblueprint/internal/nodes/logic/sequence.go:122.3,134.63 3 1
webblueprint/internal/nodes/logic/sequence.go:135.8,151.3 3 0
webblueprint/internal/nodes/math/operations.go:16.29,62.2 1 1
webblueprint/internal/nodes/math/operations.go:65.60,82.14 7 1
webblueprint/internal/nodes/math/operations.go:82.14,98.3 5 1
webblueprint/internal/nodes/math/operations.go:100.2,100.14 1 1
webblueprint/internal/nodes/math/operations.go:100.14,116.3 5 1
webblueprint/internal/nodes/math/operations.go:119.2,120.16 2 1
webblueprint/internal/nodes/math/operations.go:120.16,135.3 4 1
webblueprint/internal/nodes/math/operations.go:137.2,138.16 2 1
webblueprint/internal/nodes/math/operations.go:138.16,153.3 4 1
webblueprint/internal/nodes/math/operations.go:156.2,184.39 7 1
webblueprint/internal/nodes/math/operations.go:193.34,239.2 1 1
webblueprint/internal/nodes/math/operations.go:242.65,259.26 7 1
webblueprint/internal/nodes/math/operations.go:259.26,261.15 2 1
webblueprint/internal/nodes/math/operations.go:261.15,263.4 1 0
webblueprint/internal/nodes/math/operations.go:263.9,265.4 1 1
webblueprint/internal/nodes/math/operations.go:267.3,281.13 5 1
webblueprint/internal/nodes/math/operations.go:285.2,286.16 2 1
webblueprint/internal/nodes/math/operations.go:286.16,301.3 4 1
webblueprint/internal/nodes/math/operations.go:303.2,304.16 2 1
webblueprint/internal/nodes/math/operations.go:304.16,319.3 4 0
webblueprint/internal/nodes/math/operations.go:322.2,350.39 7 1
webblueprint/internal/nodes/math/operations.go:359.34,405.2 1 1
webblueprint/internal/nodes/math/operations.go:408.65,425.26 7 1
webblueprint/internal/nodes/math/operations.go:425.26,427.15 2 1
webblueprint/internal/nodes/math/operations.go:427.15,429.4 1 0
webblueprint/internal/nodes/math/operations.go:429.9,431.4 1 1
webblueprint/internal/nodes/math/operations.go:433.3,447.13 5 1
webblueprint/internal/nodes/math/operations.go:451.2,452.16 2 1
webblueprint/internal/nodes/math/operations.go:452.16,467.3 4 1
webblueprint/internal/nodes/math/operations.go:469.2,470.16 2 1
webblueprint/internal/nodes/math/operations.go:470.16,485.3 4 0
webblueprint/internal/nodes/math/operations.go:488.2,516.39 7 1
webblueprint/internal/nodes/math/operations.go:525.32,577.2 1 1
webblueprint/internal/nodes/math/operations.go:580.63,597.26 7 1
webblueprint/internal/nodes/math/operations.go:597.26,599.15 2 1
webblueprint/internal/nodes/math/operations.go:599.15,601.4 1 0
webblueprint/internal/nodes/math/operations.go:601.9,603.4 1 1
webblueprint/internal/nodes/math/operations.go:605.3,619.13 5 1
webblueprint/internal/nodes/math/operations.go:623.2,624.16 2 1
webblueprint/internal/nodes/math/operations.go:624.16,639.3 4 1
webblueprint/internal/nodes/math/operations.go:641.2,642.16 2 1
webblueprint/internal/nodes/math/operations.go:642.16,657.3 4 0
webblueprint/internal/nodes/math/operations.go:660.2,666.12 2 1
webblueprint/internal/nodes/math/operations.go:666.12,686.3 6 1
webblueprint/internal/nodes/math/operations.go:689.2,711.39 6 1
webblueprint/internal/nodes/math/safe_divide.go:15.36,17.2 1 1
webblueprint/internal/nodes/math/safe_divide.go:20.50,21.26 1 0
webblueprint/internal/nodes/math/safe_divide.go:21.26,23.3 1 0
webblueprint/internal/nodes/math/safe_divide.go:27.58,35.2 1 1
webblueprint/internal/nodes/math/safe_divide.go:38.53,65.2 1 1
webblueprint/internal/nodes/math/safe_divide.go:68.54,95.2 1 1
webblueprint/internal/nodes/math/safe_divide.go:98.59,111.2 1 1
webblueprint/internal/nodes/math/safe_divide.go:114.67,124.21 5 1
webblueprint/internal/nodes/math/safe_divide.go:124.21,126.19 1 1
webblueprint/internal/nodes/math/safe_divide.go:126.19,136.17 3 0
webblueprint/internal/nodes/math/safe_divide.go:136.17,138.5 1 0
webblueprint/internal/nodes/math/safe_divide.go:138.10,144.5 2 0
webblueprint/internal/nodes/math/safe_divide.go:145.9,147.4 1 1
webblueprint/internal/nodes/math/safe_divide.go:150.2,150.20 1 1
webblueprint/internal/nodes/math/safe_divide.go:150.20,152.19 1 1
webblueprint/internal/nodes/math/safe_divide.go:152.19,162.17 3 0
webblueprint/internal/nodes/math/safe_divide.go:162.17,164.5 1 0
webblueprint/internal/nodes/math/safe_divide.go:164.10,170.5 2 0
webblueprint/internal/nodes/math/safe_divide.go:171.9,173.4 1 1
webblueprint/internal/nodes/math/safe_divide.go:177.2,178.16 2 1
webblueprint/internal/nodes/math/safe_divide.go:178.16,179.19 1 1
webblueprint/internal/nodes/math/safe_divide.go:179.19,190.4 2 0
webblueprint/internal/nodes/math/safe_divide.go:191.3,191.41 1 1
webblueprint/internal/nodes/math/safe_divide.go:194.2,195.16 2 1
webblueprint/internal/nodes/math/safe_divide.go:195.16,196.19 1 1
webblueprint/internal/nodes/math/safe_divide.go:196.19,207.4 2 0
webblueprint/internal/nodes/math/safe_divide.go:208.3,208.41 1 1
webblueprint/internal/nodes/math/safe_divide.go:212.2,212.18 1 1
webblueprint/internal/nodes/math/safe_divide.go:212.18,215.42 2 1
webblueprint/internal/nodes/math/safe_divide.go:215.42,216.40 1 1
webblueprint/internal/nodes/math/safe_divide.go:216.40,217.44 1 1
webblueprint/internal/nodes/math/safe_divide.go:217.44,219.6 1 1
webblueprint/internal/nodes/math/safe_divide.go:224.3,224.87 1 1
webblueprint/internal/nodes/math/safe_divide.go:224.87,227.21 2 0
webblueprint/internal/nodes/math/safe_divide.go:227.21,229.19 2 0
webblueprint/internal/nodes/math/safe_divide.go:229.19,231.6 1 0
webblueprint/internal/nodes/math/safe_divide.go:232.5,232.29 1 0
webblueprint/internal/nodes/math/safe_divide.go:233.10,236.44 2 0
webblueprint/internal/nodes/math/safe_divide.go:236.44,237.37 1 0
webblueprint/internal/nodes/math/safe_divide.go:237.37,238.46 1 0
webblueprint/internal/nodes/math/safe_divide.go:238.46,240.8 1 0
webblueprint/internal/nodes/math/safe_divide.go:246.4,246.20 1 0
webblueprint/internal/nodes/math/safe_divide.go:246.20,253.5 1 0
webblueprint/internal/nodes/math/safe_divide.go:255.4,256.41 2 0
webblueprint/internal/nodes/math/safe_divide.go:257.9,259.20 1 1
webblueprint/internal/nodes/math/safe_divide.go:259.20,274.5 2 0
webblueprint/internal/nodes/math/safe_divide.go:274.10,278.5 1 1
webblueprint/internal/nodes/math/safe_divide.go:280.4,280.42 1 1
webblueprint/internal/nodes/math/safe_divide.go:285.2,289.39 3 1
webblueprint/internal/nodes/web/dom_event.go:15.34,87.2 1 0
webblueprint/internal/nodes/web/dom_event.go:91.65,107.20 10 0
webblueprint/internal/nodes/web/dom_event.go:107.20,108.84 1 0
webblueprint/internal/nodes/web/dom_event.go:108.84,110.4 1 0
webblueprint/internal/nodes/web/dom_event.go:113.2,114.21 2 0
webblueprint/internal/nodes/web/dom_event.go:114.21,115.87 1 0
webblueprint/internal/nodes/web/dom_event.go:115.87,117.4 1 0
webblueprint/internal/nodes/web/dom_event.go:121.2,122.22 2 0
webblueprint/internal/nodes/web/dom_event.go:122.22,123.68 1 0
webblueprint/internal/nodes/web/dom_event.go:123.68,125.4 1 0
webblueprint/internal/nodes/web/dom_event.go:128.2,129.26 2 0
webblueprint/internal/nodes/web/dom_event.go:129.26,130.76 1 0
webblueprint/internal/nodes/web/dom_event.go:130.76,132.4 1 0
webblueprint/internal/nodes/web/dom_event.go:135.2,136.27 2 0
webblueprint/internal/nodes/web/dom_event.go:136.27,137.78 1 0
webblueprint/internal/nodes/web/dom_event.go:137.78,139.4 1 0
webblueprint/internal/nodes/web/dom_event.go:143.2,184.12 5 0
webblueprint/internal/nodes/web/dom_event.go:189.109,200.43 4 0
webblueprint/internal/nodes/web/dom_event.go:200.43,202.3 1 0
webblueprint/internal/nodes/web/dom_event.go:205.2,216.44 2 0
webblueprint/internal/nodes/web/dom_node.go:15.36,106.2 1 0
webblueprint/internal/nodes/web/dom_node.go:109.67,127.19 12 0
webblueprint/internal/nodes/web/dom_node.go:127.19,129.17 2 0
webblueprint/internal/nodes/web/dom_node.go:129.17,131.4 1 0
webblueprint/internal/nodes/web/dom_node.go:134.2,135.26 2 0
webblueprint/internal/nodes/web/dom_node.go:135.26,137.44 2 0
webblueprint/internal/nodes/web/dom_node.go:137.44,139.4 1 0
webblueprint/internal/nodes/web/dom_node.go:143.2,156.20 3 0
webblueprint/internal/nodes/web/dom_node.go:156.20,160.3 3 0
webblueprint/internal/nodes/web/dom_node.go:160.8,164.3 3 0
webblueprint/internal/nodes/web/dom_node.go:166.2,166.21 1 0
webblueprint/internal/nodes/web/dom_node.go:166.21,169.3 2 0
webblueprint/internal/nodes/web/dom_node.go:171.2,171.23 1 0
webblueprint/internal/nodes/web/dom_node.go:171.23,174.3 2 0
webblueprint/internal/nodes/web/dom_node.go:176.2,176.22 1 0
webblueprint/internal/nodes/web/dom_node.go:176.22,179.3 2 0
webblueprint/internal/nodes/web/dom_node.go:181.2,181.18 1 0
webblueprint/internal/nodes/web/dom_node.go:181.18,184.3 2 0
webblueprint/internal/nodes/web/dom_node.go:187.2,213.39 10 0
webblueprint/internal/nodes/web/http_request.go:20.37,94.2 1 1
webblueprint/internal/nodes/web/http_request.go:97.68,119.16 9 1
webblueprint/internal/nodes/web/http_request.go:119.16,136.3 6 1
webblueprint/internal/nodes/web/http_request.go:138.2,139.16 2 1
webblueprint/internal/nodes/web/http_request.go:139.16,155.3 5 0
webblueprint/internal/nodes/web/http_request.go:158.2,159.18 2 1
webblueprint/internal/nodes/web/http_request.go:159.18,161.17 2 1
webblueprint/internal/nodes/web/http_request.go:161.17,163.4 1 1
webblueprint/internal/nodes/web/http_request.go:166.2,184.45 5 1
webblueprint/internal/nodes/web/http_request.go:184.45,188.53 2 0
webblueprint/internal/nodes/web/http_request.go:188.53,190.4 1 0
webblueprint/internal/nodes/web/http_request.go:190.9,193.18 2 0
webblueprint/internal/nodes/web/http_request.go:193.18,210.5 5 0
webblueprint/internal/nodes/web/http_request.go:211.4,211.26 1 0
webblueprint/internal/nodes/web/http_request.go:214.3,215.72 2 0
webblueprint/internal/nodes/web/http_request.go:216.8,218.3 1 1
webblueprint/internal/nodes/web/http_request.go:220.2,220.16 1 1
webblueprint/internal/nodes/web/http_request.go:220.16,237.3 5 0
webblueprint/internal/nodes/web/http_request.go:240.2,244.18 3 1
webblueprint/internal/nodes/web/http_request.go:244.18,246.17 2 0
webblueprint/internal/nodes/web/http_request.go:246.17,247.36 1 0
webblueprint/internal/nodes/web/http_request.go:247.36,248.43 1 0
webblueprint/internal/nodes/web/http_request.go:248.43,250.6 1 0
webblueprint/internal/nodes/web/http_request.go:256.2,257.38 2 1
webblueprint/internal/nodes/web/http_request.go:257.38,258.22 1 1
webblueprint/internal/nodes/web/http_request.go:258.22,260.4 1 1
webblueprint/internal/nodes/web/http_request.go:262.2,283.16 7 1
webblueprint/internal/nodes/web/http_request.go:283.16,301.3 6 1
webblueprint/internal/nodes/web/http_request.go:302.2,306.16 3 0
webblueprint/internal/nodes/web/http_request.go:306.16,324.3 6 0
webblueprint/internal/nodes/web/http_request.go:327.2,328.68 2 0
webblueprint/internal/nodes/web/http_request.go:328.68,332.3 2 0
webblueprint/internal/nodes/web/http_request.go:332.8,334.3 1 0
webblueprint/internal/nodes/web/http_request.go:337.2,361.39 6 0
webblueprint/internal/nodes/web/http_request_with_recovery.go:18.49,20.2 1 0
webblueprint/internal/nodes/web/http_request_with_recovery.go:23.63,24.26 1 0
webblueprint/internal/nodes/web/http_request_with_recovery.go:24.26,26.3 1 0
webblueprint/internal/nodes/web/http_request_with_recovery.go:30.71,38.2 1 0
webblueprint/internal/nodes/web/http_request_with_recovery.go:41.66,80.2 1 0
webblueprint/internal/nodes/web/http_request_with_recovery.go:83.67,128.2 1 0
webblueprint/internal/nodes/web/http_request_with_recovery.go:131.72,158.2 1 0
webblueprint/internal/nodes/web/http_request_with_recovery.go:161.80,169.32 3 0
webblueprint/internal/nodes/web/http_request_with_recovery.go:169.32,179.15 3 0
webblueprint/internal/nodes/web/http_request_with_recovery.go:179.15,187.4 3 0
webblueprint/internal/nodes/web/http_request_with_recovery.go:190.3,191.42 2 0
webblueprint/internal/nodes/web/http_request_with_recovery.go:191.42,192.34 1 0
webblueprint/internal/nodes/web/http_request_with_recovery.go:192.34,193.66 1 0
webblueprint/internal/nodes/web/http_request_with_recovery.go:193.66,195.6 1 0
webblueprint/internal/nodes/web/http_request_with_recovery.go:199.3,199.24 1 0
webblueprint/internal/nodes/web/http_request_with_recovery.go:199.24,204.4 2 0
webblueprint/internal/nodes/web/http_request_with_recovery.go:204.9,215.4 5 0
webblueprint/internal/nodes/web/http_request_with_recovery.go:216.8,216.23 1 0
webblueprint/internal/nodes/web/http_request_with_recovery.go:216.23,219.3 1 0
webblueprint/internal/nodes/web/http_request_with_recovery.go:222.2,223.19 2 0
webblueprint/internal/nodes/web/http_request_with_recovery.go:223.19,226.42 2 0
webblueprint/internal/nodes/web/http_request_with_recovery.go:226.42,227.36 1 0
webblueprint/internal/nodes/web/http_request_with_recovery.go:227.36,228.48 1 0
webblueprint/internal/nodes/web/http_request_with_recovery.go:228.48,230.6 1 0
webblueprint/internal/nodes/web/http_request_with_recovery.go:233.3,233.60 1 0
webblueprint/internal/nodes/web/http_request_with_recovery.go:236.2,237.20 2 0
webblueprint/internal/nodes/web/http_request_with_recovery.go:237.20,240.42 2 0
webblueprint/internal/nodes/web/http_request_with_recovery.go:240.42,241.37 1 0
webblueprint/internal/nodes/web/http_request_with_recovery.go:241.37,242.49 1 0
webblueprint/internal/nodes/web/http_request_with_recovery.go:242.49,244.6 1 0
webblueprint/internal/nodes/web/http_request_with_recovery.go:244.11,244.52 1 0
webblueprint/internal/nodes/web/http_request_with_recovery.go:244.52,246.6 1 0
webblueprint/internal/nodes/web/http_request_with_recovery.go:249.3,249.62 1 0
webblueprint/internal/nodes/web/http_request_with_recovery.go:253.2,254.16 2 0
webblueprint/internal/nodes/web/http_request_with_recovery.go:254.16,269.3 4 0
webblueprint/internal/nodes/web/http_request_with_recovery.go:270.2,273.16 3 0
webblueprint/internal/nodes/web/http_request_with_recovery.go:273.16,288.3 4 0
webblueprint/internal/nodes/web/http_request_with_recovery.go:291.2,297.18 3 0
webblueprint/internal/nodes/web/http_request_with_recovery.go:297.18,299.17 2 0
webblueprint/internal/nodes/web/http_request_with_recovery.go:299.17,301.4 1 0
webblueprint/internal/nodes/web/http_request_with_recovery.go:304.2,305.16 2 0
webblueprint/internal/nodes/web/http_request_with_recovery.go:305.16,307.19 1 0
webblueprint/internal/nodes/web/http_request_with_recovery.go:307.19,322.4 4 0
webblueprint/internal/nodes/web/http_request_with_recovery.go:324.3,324.13 1 0
webblueprint/internal/nodes/web/http_request_with_recovery.go:328.2,329.59 2 0
webblueprint/internal/nodes/web/http_request_with_recovery.go:329.59,331.9 2 0
webblueprint/internal/nodes/web/http_request_with_recovery.go:331.9,332.38 1 0
webblueprint/internal/nodes/web/http_request_with_recovery.go:332.38,334.11 2 0
webblueprint/internal/nodes/web/http_request_with_recovery.go:334.11,336.6 1 0
webblueprint/internal/nodes/web/http_request_with_recovery.go:342.2,343.54 2 0
webblueprint/internal/nodes/web/http_request_with_recovery.go:343.55,345.3 0 0
webblueprint/internal/nodes/web/http_request_with_recovery.go:348.2,352.41 3 0
webblueprint/internal/nodes/web/http_request_with_recovery.go:352.41,353.32 1 0
webblueprint/internal/nodes/web/http_request_with_recovery.go:353.32,354.48 1 0
webblueprint/internal/nodes/web/http_request_with_recovery.go:354.48,356.5 1 0
webblueprint/internal/nodes/web/http_request_with_recovery.go:356.10,356.51 1 0
webblueprint/internal/nodes/web/http_request_with_recovery.go:356.51,358.5 1 0
webblueprint/internal/nodes/web/http_request_with_recovery.go:362.2,364.31 2 0
webblueprint/internal/nodes/web/http_request_with_recovery.go:364.31,366.17 2 0
webblueprint/internal/nodes/web/http_request_with_recovery.go:366.17,367.9 1 0
webblueprint/internal/nodes/web/http_request_with_recovery.go:370.3,373.47 2 0
webblueprint/internal/nodes/web/http_request_with_recovery.go:373.47,383.4 2 0
webblueprint/internal/nodes/web/http_request_with_recovery.go:387.2,387.16 1 0
webblueprint/internal/nodes/web/http_request_with_recovery.go:387.16,388.19 1 0
webblueprint/internal/nodes/web/http_request_with_recovery.go:388.19,405.4 4 0
webblueprint/internal/nodes/web/http_request_with_recovery.go:407.3,407.13 1 0
webblueprint/internal/nodes/web/http_request_with_recovery.go:411.2,415.16 3 0
webblueprint/internal/nodes/web/http_request_with_recovery.go:415.16,416.19 1 0
webblueprint/internal/nodes/web/http_request_with_recovery.go:416.19,429.4 4 0
webblueprint/internal/nodes/web/http_request_with_recovery.go:431.3,431.13 1 0
webblueprint/internal/nodes/web/http_request_with_recovery.go:435.2,436.39 2 0
webblueprint/internal/nodes/web/http_request_with_recovery.go:436.39,437.23 1 0
webblueprint/internal/nodes/web/http_request_with_recovery.go:437.23,439.4 1 0
webblueprint/internal/nodes/web/http_request_with_recovery.go:439.9,441.4 1 0
webblueprint/internal/nodes/web/http_request_with_recovery.go:445.2,458.12 6 0
webblueprint/internal/nodes/web/storage.go:17.33,97.2 1 0
webblueprint/internal/nodes/web/storage.go:100.64,114.22 8 0
webblueprint/internal/nodes/web/storage.go:114.22,119.3 4 0
webblueprint/internal/nodes/web/storage.go:121.2,121.24 1 0
webblueprint/internal/nodes/web/storage.go:121.24,126.3 4 0
webblueprint/internal/nodes/web/storage.go:129.2,130.16 2 0
webblueprint/internal/nodes/web/storage.go:130.16,134.3 3 0
webblueprint/internal/nodes/web/storage.go:137.2,138.16 2 0
webblueprint/internal/nodes/web/storage.go:138.16,142.3 3 0
webblueprint/internal/nodes/web/storage.go:145.2,145.56 1 0
webblueprint/internal/nodes/web/storage.go:145.56,150.3 4 0
webblueprint/internal/nodes/web/storage.go:153.2,170.19 3 0
webblueprint/internal/nodes/web/storage.go:171.13,172.17 1 0
webblueprint/internal/nodes/web/storage.go:172.17,177.4 4 0
webblueprint/internal/nodes/web/storage.go:179.3,180.17 2 0
webblueprint/internal/nodes/web/storage.go:180.17,184.4 3 0
webblueprint/internal/nodes/web/storage.go:186.3,201.28 5 0
webblueprint/internal/nodes/web/storage.go:201.28,204.4 2 0
webblueprint/internal/nodes/web/storage.go:204.9,204.32 1 0
webblueprint/internal/nodes/web/storage.go:204.32,207.4 2 0
webblueprint/internal/nodes/web/storage.go:207.9,207.32 1 0
webblueprint/internal/nodes/web/storage.go:207.32,210.4 2 0
webblueprint/internal/nodes/web/storage.go:210.9,210.33 1 0
webblueprint/internal/nodes/web/storage.go:210.33,213.4 2 0
webblueprint/internal/nodes/web/storage.go:213.9,213.34 1 0
webblueprint/internal/nodes/web/storage.go:213.34,216.4 2 0
webblueprint/internal/nodes/web/storage.go:216.9,216.34 1 0
webblueprint/internal/nodes/web/storage.go:216.34,219.4 2 0
webblueprint/internal/nodes/web/storage.go:219.9,219.33 1 0
webblueprint/internal/nodes/web/storage.go:219.33,222.4 2 0
webblueprint/internal/nodes/web/storage.go:222.9,222.34 1 0
webblueprint/internal/nodes/web/storage.go:222.34,231.4 2 0
webblueprint/internal/nodes/web/storage.go:231.9,233.42 1 0
webblueprint/internal/nodes/web/storage.go:233.42,234.50 1 0
webblueprint/internal/nodes/web/storage.go:234.50,239.6 1 0
webblueprint/internal/nodes/web/storage.go:239.11,242.6 1 0
webblueprint/internal/nodes/web/storage.go:243.5,243.18 1 0
webblueprint/internal/nodes/web/storage.go:244.10,249.5 3 0
webblueprint/internal/nodes/web/storage.go:253.3,263.5 5 0
webblueprint/internal/nodes/web/storage.go:265.13,266.17 1 0
webblueprint/internal/nodes/web/storage.go:266.17,271.4 4 0
webblueprint/internal/nodes/web/storage.go:273.3,273.19 1 0
webblueprint/internal/nodes/web/storage.go:273.19,278.4 4 0
webblueprint/internal/nodes/web/storage.go:280.3,281.17 2 0
webblueprint/internal/nodes/web/storage.go:281.17,285.4 3 0
webblueprint/internal/nodes/web/storage.go:288.3,293.37 4 0
webblueprint/internal/nodes/web/storage.go:294.46,298.18 3 0
webblueprint/internal/nodes/web/storage.go:298.18,302.5 3 0
webblueprint/internal/nodes/web/storage.go:303.4,303.39 1 0
webblueprint/internal/nodes/web/storage.go:306.3,323.5 10 0
webblueprint/internal/nodes/web/storage.go:325.16,326.17 1 0
webblueprint/internal/nodes/web/storage.go:326.17,331.4 4 0
webblueprint/internal/nodes/web/storage.go:333.3,334.17 2 0
webblueprint/internal/nodes/web/storage.go:334.17,338.4 3 0
webblueprint/internal/nodes/web/storage.go:340.3,350.5 5 0
webblueprint/internal/nodes/web/storage.go:352.15,361.5 3 0
webblueprint/internal/nodes/web/storage.go:363.10,367.41 4 0
webblueprint/internal/nodes/web/storage.go:371.2,382.39 3 0
webblueprint/internal/nodes/utility/print.go:17.31,64.2 1 1
webblueprint/internal/nodes/utility/print.go:67.62,80.19 5 1
webblueprint/internal/nodes/utility/print.go:80.19,83.17 2 1
webblueprint/internal/nodes/utility/print.go:83.17,87.4 1 1
webblueprint/internal/nodes/utility/print.go:87.9,92.4 1 0
webblueprint/internal/nodes/utility/print.go:96.2,101.20 3 1
webblueprint/internal/nodes/utility/print.go:101.20,107.3 3 1
webblueprint/internal/nodes/utility/print.go:107.8,110.65 2 1
webblueprint/internal/nodes/utility/print.go:110.65,111.60 1 1
webblueprint/internal/nodes/utility/print.go:111.60,113.5 1 1
webblueprint/internal/nodes/utility/print.go:117.3,119.28 2 1
webblueprint/internal/nodes/utility/print.go:120.30,121.62 1 1
webblueprint/internal/nodes/utility/print.go:121.62,123.5 1 1
webblueprint/internal/nodes/utility/print.go:123.10,125.5 1 0
webblueprint/internal/nodes/utility/print.go:126.54,127.59 1 1
webblueprint/internal/nodes/utility/print.go:128.11,131.18 2 1
webblueprint/internal/nodes/utility/print.go:131.18,133.5 1 1
webblueprint/internal/nodes/utility/print.go:133.10,135.5 1 0
webblueprint/internal/nodes/utility/print.go:139.3,139.19 1 1
webblueprint/internal/nodes/utility/print.go:139.19,141.4 1 1
webblueprint/internal/nodes/utility/print.go:144.3,153.45 4 1
webblueprint/internal/nodes/utility/print.go:157.2,165.39 2 1
webblueprint/internal/nodes/utility/timer.go:17.31,85.2 1 1
webblueprint/internal/nodes/utility/timer.go:88.62,102.21 8 1
webblueprint/internal/nodes/utility/timer.go:102.21,103.58 1 1
webblueprint/internal/nodes/utility/timer.go:103.58,105.4 1 1
webblueprint/internal/nodes/utility/timer.go:109.2,125.19 7 1
webblueprint/internal/nodes/utility/timer.go:126.15,129.21 2 1
webblueprint/internal/nodes/utility/timer.go:129.21,130.64 1 1
webblueprint/internal/nodes/utility/timer.go:130.64,132.5 1 1
webblueprint/internal/nodes/utility/timer.go:136.3,136.19 1 1
webblueprint/internal/nodes/utility/timer.go:136.19,138.4 1 1
webblueprint/internal/nodes/utility/timer.go:140.3,186.5 15 1
webblueprint/internal/nodes/utility/timer.go:188.17,190.23 1 0
webblueprint/internal/nodes/utility/timer.go:190.23,206.4 6 0
webblueprint/internal/nodes/utility/timer.go:206.9,212.66 3 0
webblueprint/internal/nodes/utility/timer.go:212.66,214.74 1 0
webblueprint/internal/nodes/utility/timer.go:214.74,217.6 2 0
webblueprint/internal/nodes/utility/timer.go:217.11,219.76 1 0
webblueprint/internal/nodes/utility/timer.go:219.76,221.34 1 0
webblueprint/internal/nodes/utility/timer.go:221.34,224.8 2 0
webblueprint/internal/nodes/utility/timer.go:224.13,228.8 3 0
webblueprint/internal/nodes/utility/timer.go:229.12,236.7 3 0
webblueprint/internal/nodes/utility/timer.go:238.10,238.73 1 0
webblueprint/internal/nodes/utility/timer.go:238.73,243.5 3 0
webblueprint/internal/nodes/utility/timer.go:243.10,250.5 3 0
webblueprint/internal/nodes/utility/timer.go:253.4,256.19 2 0
webblueprint/internal/nodes/utility/timer.go:256.19,262.5 2 0
webblueprint/internal/nodes/utility/timer.go:264.4,282.6 7 0
webblueprint/internal/nodes/utility/timer.go:285.19,303.76 6 0
webblueprint/internal/nodes/utility/timer.go:305.10,320.76 5 1
webblueprint/internal/nodes/utility/timer.go:324.2,324.39 1 1
webblueprint/internal/nodes/utility/user_function.go:24.72,25.26 1 0
webblueprint/internal/nodes/utility/user_function.go:25.26,40.50 2 0
webblueprint/internal/nodes/utility/user_function.go:40.50,50.4 2 0
webblueprint/internal/nodes/utility/user_function.go:53.3,54.39 2 0
webblueprint/internal/nodes/utility/user_function.go:54.39,55.46 1 0
webblueprint/internal/nodes/utility/user_function.go:55.46,57.10 2 0
webblueprint/internal/nodes/utility/user_function.go:61.3,61.25 1 0
webblueprint/internal/nodes/utility/user_function.go:61.25,70.4 1 0
webblueprint/internal/nodes/utility/user_function.go:73.3,73.52 1 0
webblueprint/internal/nodes/utility/user_function.go:73.52,83.4 2 0
webblueprint/internal/nodes/utility/user_function.go:86.3,87.41 2 0
webblueprint/internal/nodes/utility/user_function.go:87.41,88.47 1 0
webblueprint/internal/nodes/utility/user_function.go:88.47,90.10 2 0
webblueprint/internal/nodes/utility/user_function.go:94.3,94.26 1 0
webblueprint/internal/nodes/utility/user_function.go:94.26,103.4 1 0
webblueprint/internal/nodes/utility/user_function.go:106.3,106.57 1 0
webblueprint/internal/nodes/utility/user_function.go:106.57,111.4 1 0
webblueprint/internal/nodes/utility/user_function.go:113.3,113.16 1 0
webblueprint/internal/nodes/utility/user_function.go:118.69,129.41 5 0
webblueprint/internal/nodes/utility/user_function.go:129.41,131.13 2 0
webblueprint/internal/nodes/utility/user_function.go:131.13,134.4 2 0
webblueprint/internal/nodes/utility/user_function.go:138.2,155.15 5 0
webblueprint/internal/nodes/utility/user_function.go:155.15,158.3 1 0
webblueprint/internal/nodes/utility/user_function.go:161.2,162.27 2 0
webblueprint/internal/nodes/utility/user_function.go:162.27,165.3 1 0
webblueprint/internal/nodes/utility/user_function.go:168.2,181.16 3 0
webblueprint/internal/nodes/utility/user_function.go:181.16,186.3 2 0
webblueprint/internal/nodes/utility/user_function.go:189.2,190.43 2 0
webblueprint/internal/nodes/utility/user_function.go:190.43,192.46 1 0
webblueprint/internal/nodes/utility/user_function.go:192.46,193.12 1 0
webblueprint/internal/nodes/utility/user_function.go:197.3,197.74 1 0
webblueprint/internal/nodes/utility/user_function.go:197.74,200.4 2 0
webblueprint/internal/nodes/utility/user_function.go:200.9,203.60 1 0
webblueprint/internal/nodes/utility/user_function.go:203.60,206.5 2 0
webblueprint/internal/nodes/utility/user_function.go:211.2,228.43 3 0
webblueprint/internal/nodes/utility/user_function.go:228.43,229.69 1 0
webblueprint/internal/nodes/utility/user_function.go:229.69,231.4 1 0
webblueprint/internal/nodes/utility/user_function.go:235.2,235.43 1 0
webblueprint/internal/nodes/utility/user_function.go:235.43,236.46 1 0
webblueprint/internal/nodes/utility/user_function.go:236.46,238.4 1 0
webblueprint/internal/nodes/utility/user_function.go:242.2,242.12 1 0
webblueprint/internal/nodes/utility/user_function.go:246.122,253.27 2 0
webblueprint/internal/nodes/utility/user_function.go:253.27,262.45 5 0
webblueprint/internal/nodes/utility/user_function.go:262.45,264.51 1 0
webblueprint/internal/nodes/utility/user_function.go:264.51,266.5 1 0
webblueprint/internal/nodes/utility/user_function.go:270.3,271.17 2 0
webblueprint/internal/nodes/utility/user_function.go:271.17,276.4 2 0
webblueprint/internal/nodes/utility/user_function.go:278.3,278.15 1 0
webblueprint/internal/nodes/utility/user_function.go:278.15,280.4 1 0
webblueprint/internal/nodes/utility/user_function.go:283.3,284.37 2 0
webblueprint/internal/nodes/utility/user_function.go:284.37,286.45 1 0
webblueprint/internal/nodes/utility/user_function.go:286.45,287.70 1 0
webblueprint/internal/nodes/utility/user_function.go:287.70,289.6 1 0
webblueprint/internal/nodes/utility/user_function.go:293.3,297.13 2 0
webblueprint/internal/nodes/utility/user_function.go:300.2,305.43 2 0
webblueprint/internal/nodes/utility/user_function.go:305.43,308.17 2 0
webblueprint/internal/nodes/utility/user_function.go:308.17,314.4 2 0
webblueprint/internal/nodes/utility/user_function.go:317.2,318.12 2 0
webblueprint/internal/nodes/utility/user_function.go:322.111,325.16 2 0
webblueprint/internal/nodes/utility/user_function.go:325.16,327.3 1 0
webblueprint/internal/nodes/utility/user_function.go:330.2,331.23 2 0
webblueprint/internal/nodes/utility/user_function.go:331.23,333.3 1 0
webblueprint/internal/nodes/utility/user_function.go:337.2,337.77 1 0
webblueprint/internal/nodes/utility/user_function.go:337.77,348.42 3 0
webblueprint/internal/nodes/utility/user_function.go:348.42,349.42 1 0
webblueprint/internal/nodes/utility/user_function.go:349.42,357.77 2 0
webblueprint/internal/nodes/utility/user_function.go:357.77,359.6 1 0
webblueprint/internal/nodes/utility/user_function.go:364.3,364.13 1 0
webblueprint/internal/nodes/utility/user_function.go:368.2,372.13 3 0
webblueprint/internal/nodes/utility/user_function.go:372.13,374.3 1 0
webblueprint/internal/nodes/utility/user_function.go:377.2,386.40 4 0
webblueprint/internal/nodes/utility/user_function.go:386.40,387.36 1 0
webblueprint/internal/nodes/utility/user_function.go:387.36,394.93 4 0
webblueprint/internal/nodes/utility/user_function.go:394.93,396.5 1 0
webblueprint/internal/nodes/utility/user_function.go:401.2,401.50 1 0
webblueprint/internal/nodes/utility/user_function.go:401.50,402.109 1 0
webblueprint/internal/nodes/utility/user_function.go:402.109,404.4 1 0
webblueprint/internal/nodes/utility/user_function.go:408.2,409.90 2 0
webblueprint/internal/nodes/utility/user_function.go:409.90,411.52 1 0
webblueprint/internal/nodes/utility/user_function.go:411.52,416.45 2 0
webblueprint/internal/nodes/utility/user_function.go:416.45,417.73 1 0
webblueprint/internal/nodes/utility/user_function.go:417.73,419.6 1 0
webblueprint/internal/nodes/utility/user_function.go:424.3,425.42 2 0
webblueprint/internal/nodes/utility/user_function.go:425.42,426.71 1 0
webblueprint/internal/nodes/utility/user_function.go:426.71,430.72 2 0
webblueprint/internal/nodes/utility/user_function.go:430.72,432.6 1 0
webblueprint/internal/nodes/utility/user_function.go:435.3,435.13 1 0
webblueprint/internal/nodes/utility/user_function.go:439.2,443.46 2 0
webblueprint/internal/nodes/utility/user_function.go:443.46,448.4 1 0
webblueprint/internal/nodes/utility/user_function.go:449.49,454.4 1 0
webblueprint/internal/nodes/utility/user_function.go:455.47,460.4 1 0
webblueprint/internal/nodes/utility/user_function.go:461.63,464.24 2 0
webblueprint/internal/nodes/utility/user_function.go:465.16,466.36 1 0
webblueprint/internal/nodes/utility/user_function.go:467.22,468.36 1 0
webblueprint/internal/nodes/utility/user_function.go:469.14,470.37 1 0
webblueprint/internal/nodes/utility/user_function.go:471.32,472.36 1 0
webblueprint/internal/nodes/utility/user_function.go:473.23,474.35 1 0
webblueprint/internal/nodes/utility/user_function.go:475.12,476.33 1 0
webblueprint/internal/nodes/utility/user_function.go:479.4,482.45 2 0
webblueprint/internal/nodes/utility/user_function.go:482.45,483.72 1 0
webblueprint/internal/nodes/utility/user_function.go:483.72,485.6 1 0
webblueprint/internal/nodes/utility/user_function.go:491.2,505.16 3 0
webblueprint/internal/nodes/utility/user_function.go:505.16,507.3 1 0
webblueprint/internal/nodes/utility/user_function.go:510.2,510.45 1 0
webblueprint/internal/nodes/utility/user_function.go:510.45,514.44 2 0
webblueprint/internal/nodes/utility/user_function.go:514.44,515.69 1 0
webblueprint/internal/nodes/utility/user_function.go:515.69,517.5 1 0
webblueprint/internal/nodes/utility/user_function.go:522.2,525.43 2 0
webblueprint/internal/nodes/utility/user_function.go:525.43,527.44 1 0
webblueprint/internal/nodes/utility/user_function.go:527.44,528.73 1 0
webblueprint/internal/nodes/utility/user_function.go:528.73,530.5 1 0
webblueprint/internal/nodes/utility/user_function.go:534.3,534.64 1 0
webblueprint/internal/nodes/utility/user_function.go:534.64,536.4 1 0
webblueprint/internal/nodes/utility/user_function.go:539.2,539.12 1 0
webblueprint/internal/nodes/utility/user_function.go:543.64,544.20 1 0
webblueprint/internal/nodes/utility/user_function.go:544.20,546.3 1 0
webblueprint/internal/nodes/utility/user_function.go:548.2,548.20 1 0
webblueprint/internal/nodes/utility/user_function.go:549.19,550.34 1 0
webblueprint/internal/nodes/utility/user_function.go:551.16,552.31 1 0
webblueprint/internal/nodes/utility/user_function.go:553.16,554.31 1 0
webblueprint/internal/nodes/utility/user_function.go:555.17,556.32 1 0
webblueprint/internal/nodes/utility/user_function.go:557.16,558.31 1 0
webblueprint/internal/nodes/utility/user_function.go:559.15,560.30 1 0
webblueprint/internal/nodes/utility/user_function.go:561.10,562.28 1 0
webblueprint/internal/nodes/utility/user_function.go:567.52,570.2 1 0
